{"/Users/tam/Code/tamtamchik/apple-iap-tools/src/index.ts": {"path":"/Users/tam/Code/tamtamchik/apple-iap-tools/src/index.ts","statementMap":{},"fnMap":{},"branchMap":{},"s":{},"f":{},"b":{},"meta":{"lastBranch":0,"lastFunction":0,"lastStatement":0,"seen":{},"fnNames":{}}}
,"/Users/tam/Code/tamtamchik/apple-iap-tools/src/appstoreserverapi/Service.ts": {"path":"/Users/tam/Code/tamtamchik/apple-iap-tools/src/appstoreserverapi/Service.ts","statementMap":{"0":{"start":{"line":22,"column":16},"end":{"line":22,"column":null}},"1":{"start":{"line":24,"column":2},"end":{"line":31,"column":null}},"2":{"start":{"line":25,"column":4},"end":{"line":25,"column":null}},"3":{"start":{"line":25,"column":29},"end":{"line":25,"column":null}},"4":{"start":{"line":27,"column":19},"end":{"line":27,"column":null}},"5":{"start":{"line":28,"column":4},"end":{"line":30,"column":null}},"6":{"start":{"line":29,"column":6},"end":{"line":29,"column":null}},"7":{"start":{"line":33,"column":17},"end":{"line":33,"column":null}},"8":{"start":{"line":34,"column":2},"end":{"line":34,"column":null}},"9":{"start":{"line":37,"column":7},"end":{"line":40,"column":null}},"10":{"start":{"line":38,"column":2},"end":{"line":38,"column":null}},"11":{"start":{"line":39,"column":2},"end":{"line":39,"column":null}},"12":{"start":{"line":57,"column":21},"end":{"line":57,"column":null}},"13":{"start":{"line":58,"column":21},"end":{"line":58,"column":null}},"14":{"start":{"line":59,"column":21},"end":{"line":59,"column":null}},"15":{"start":{"line":60,"column":21},"end":{"line":60,"column":null}},"16":{"start":{"line":43,"column":25},"end":{"line":43,"column":null}},"17":{"start":{"line":44,"column":25},"end":{"line":44,"column":null}},"18":{"start":{"line":45,"column":25},"end":{"line":45,"column":null}},"19":{"start":{"line":47,"column":25},"end":{"line":47,"column":null}},"20":{"start":{"line":53,"column":36},"end":{"line":53,"column":null}},"21":{"start":{"line":62,"column":4},"end":{"line":62,"column":null}},"22":{"start":{"line":65,"column":4},"end":{"line":65,"column":null}},"23":{"start":{"line":66,"column":4},"end":{"line":68,"column":null}},"24":{"start":{"line":67,"column":6},"end":{"line":67,"column":null}},"25":{"start":{"line":80,"column":4},"end":{"line":80,"column":null}},"26":{"start":{"line":93,"column":4},"end":{"line":93,"column":null}},"27":{"start":{"line":105,"column":4},"end":{"line":105,"column":null}},"28":{"start":{"line":117,"column":4},"end":{"line":117,"column":null}},"29":{"start":{"line":129,"column":4},"end":{"line":129,"column":null}},"30":{"start":{"line":139,"column":4},"end":{"line":139,"column":null}},"31":{"start":{"line":149,"column":4},"end":{"line":149,"column":null}},"32":{"start":{"line":153,"column":16},"end":{"line":153,"column":null}},"33":{"start":{"line":154,"column":4},"end":{"line":160,"column":null}},"34":{"start":{"line":164,"column":4},"end":{"line":167,"column":null}},"35":{"start":{"line":165,"column":6},"end":{"line":165,"column":null}},"36":{"start":{"line":166,"column":6},"end":{"line":166,"column":null}},"37":{"start":{"line":169,"column":4},"end":{"line":172,"column":null}},"38":{"start":{"line":176,"column":4},"end":{"line":176,"column":null}},"39":{"start":{"line":180,"column":4},"end":{"line":180,"column":null}},"40":{"start":{"line":184,"column":20},"end":{"line":184,"column":null}},"41":{"start":{"line":185,"column":16},"end":{"line":185,"column":null}},"42":{"start":{"line":186,"column":17},"end":{"line":186,"column":null}},"43":{"start":{"line":188,"column":19},"end":{"line":188,"column":null}},"44":{"start":{"line":189,"column":4},"end":{"line":191,"column":null}},"45":{"start":{"line":190,"column":6},"end":{"line":190,"column":null}},"46":{"start":{"line":194,"column":4},"end":{"line":197,"column":null}},"47":{"start":{"line":195,"column":6},"end":{"line":195,"column":null}},"48":{"start":{"line":196,"column":6},"end":{"line":196,"column":null}},"49":{"start":{"line":200,"column":4},"end":{"line":203,"column":null}},"50":{"start":{"line":201,"column":20},"end":{"line":201,"column":null}},"51":{"start":{"line":202,"column":6},"end":{"line":202,"column":null}},"52":{"start":{"line":205,"column":4},"end":{"line":205,"column":null}}},"fnMap":{"0":{"name":"buildQuery","decl":{"start":{"line":21,"column":9},"end":{"line":21,"column":21}},"loc":{"start":{"line":21,"column":45},"end":{"line":35,"column":null}},"line":21},"1":{"name":"(anonymous_1)","decl":{"start":{"line":37,"column":7},"end":{"line":37,"column":12}},"loc":{"start":{"line":37,"column":7},"end":{"line":40,"column":null}},"line":37},"2":{"name":"constructor","decl":{"start":{"line":55,"column":2},"end":{"line":55,"column":null}},"loc":{"start":{"line":61,"column":4},"end":{"line":69,"column":null}},"line":61},"3":{"name":"getTransactionHistory","decl":{"start":{"line":79,"column":8},"end":{"line":79,"column":31}},"loc":{"start":{"line":79,"column":107},"end":{"line":81,"column":null}},"line":79},"4":{"name":"getTransactionInfo","decl":{"start":{"line":92,"column":8},"end":{"line":92,"column":28}},"loc":{"start":{"line":92,"column":85},"end":{"line":94,"column":null}},"line":92},"5":{"name":"getAllSubscriptionStatuses","decl":{"start":{"line":104,"column":8},"end":{"line":104,"column":36}},"loc":{"start":{"line":104,"column":105},"end":{"line":106,"column":null}},"line":104},"6":{"name":"lookUpOrderId","decl":{"start":{"line":116,"column":8},"end":{"line":116,"column":23}},"loc":{"start":{"line":116,"column":70},"end":{"line":118,"column":null}},"line":116},"7":{"name":"getRefundHistory","decl":{"start":{"line":128,"column":8},"end":{"line":128,"column":26}},"loc":{"start":{"line":128,"column":100},"end":{"line":130,"column":null}},"line":128},"8":{"name":"requestTestNotification","decl":{"start":{"line":138,"column":8},"end":{"line":138,"column":74}},"loc":{"start":{"line":138,"column":74},"end":{"line":140,"column":null}},"line":138},"9":{"name":"getTestNotificationStatus","decl":{"start":{"line":148,"column":8},"end":{"line":148,"column":35}},"loc":{"start":{"line":148,"column":106},"end":{"line":150,"column":null}},"line":148},"10":{"name":"generateToken","decl":{"start":{"line":152,"column":16},"end":{"line":152,"column":50}},"loc":{"start":{"line":152,"column":50},"end":{"line":161,"column":null}},"line":152},"11":{"name":"getHeaders","decl":{"start":{"line":163,"column":16},"end":{"line":163,"column":52}},"loc":{"start":{"line":163,"column":52},"end":{"line":173,"column":null}},"line":163},"12":{"name":"get","decl":{"start":{"line":175,"column":16},"end":{"line":175,"column":24}},"loc":{"start":{"line":175,"column":50},"end":{"line":177,"column":null}},"line":175},"13":{"name":"post","decl":{"start":{"line":179,"column":16},"end":{"line":179,"column":25}},"loc":{"start":{"line":179,"column":67},"end":{"line":181,"column":null}},"line":179},"14":{"name":"call","decl":{"start":{"line":183,"column":16},"end":{"line":183,"column":25}},"loc":{"start":{"line":183,"column":91},"end":{"line":206,"column":null}},"line":183}},"branchMap":{"0":{"loc":{"start":{"line":25,"column":4},"end":{"line":25,"column":null}},"type":"if","locations":[{"start":{"line":25,"column":4},"end":{"line":25,"column":null}},{"start":{},"end":{}}],"line":25},"1":{"loc":{"start":{"line":27,"column":19},"end":{"line":27,"column":null}},"type":"cond-expr","locations":[{"start":{"line":27,"column":42},"end":{"line":27,"column":50}},{"start":{"line":27,"column":50},"end":{"line":27,"column":null}}],"line":27},"2":{"loc":{"start":{"line":34,"column":9},"end":{"line":34,"column":null}},"type":"cond-expr","locations":[{"start":{"line":34,"column":18},"end":{"line":34,"column":33}},{"start":{"line":34,"column":33},"end":{"line":34,"column":null}}],"line":34},"3":{"loc":{"start":{"line":60,"column":4},"end":{"line":60,"column":null}},"type":"default-arg","locations":[{"start":{"line":60,"column":21},"end":{"line":60,"column":null}}],"line":60},"4":{"loc":{"start":{"line":66,"column":4},"end":{"line":68,"column":null}},"type":"if","locations":[{"start":{"line":66,"column":4},"end":{"line":68,"column":null}},{"start":{},"end":{}}],"line":66},"5":{"loc":{"start":{"line":79,"column":54},"end":{"line":79,"column":107}},"type":"default-arg","locations":[{"start":{"line":79,"column":77},"end":{"line":79,"column":107}}],"line":79},"6":{"loc":{"start":{"line":164,"column":4},"end":{"line":167,"column":null}},"type":"if","locations":[{"start":{"line":164,"column":4},"end":{"line":167,"column":null}},{"start":{},"end":{}}],"line":164},"7":{"loc":{"start":{"line":164,"column":8},"end":{"line":164,"column":76}},"type":"binary-expr","locations":[{"start":{"line":164,"column":8},"end":{"line":164,"column":57}},{"start":{"line":164,"column":57},"end":{"line":164,"column":76}}],"line":164},"8":{"loc":{"start":{"line":186,"column":17},"end":{"line":186,"column":null}},"type":"cond-expr","locations":[{"start":{"line":186,"column":24},"end":{"line":186,"column":47}},{"start":{"line":186,"column":47},"end":{"line":186,"column":null}}],"line":186},"9":{"loc":{"start":{"line":189,"column":4},"end":{"line":191,"column":null}},"type":"if","locations":[{"start":{"line":189,"column":4},"end":{"line":191,"column":null}},{"start":{},"end":{}}],"line":189},"10":{"loc":{"start":{"line":194,"column":4},"end":{"line":197,"column":null}},"type":"if","locations":[{"start":{"line":194,"column":4},"end":{"line":197,"column":null}},{"start":{},"end":{}}],"line":194},"11":{"loc":{"start":{"line":200,"column":4},"end":{"line":203,"column":null}},"type":"if","locations":[{"start":{"line":200,"column":4},"end":{"line":203,"column":null}},{"start":{},"end":{}}],"line":200}},"s":{"0":5,"1":5,"2":5,"3":0,"4":5,"5":5,"6":7,"7":5,"8":5,"9":2,"10":2,"11":2,"12":9,"13":9,"14":9,"15":9,"16":9,"17":9,"18":9,"19":9,"20":9,"21":9,"22":9,"23":9,"24":8,"25":3,"26":7,"27":1,"28":1,"29":1,"30":1,"31":1,"32":9,"33":9,"34":15,"35":9,"36":9,"37":15,"38":14,"39":1,"40":15,"41":15,"42":15,"43":15,"44":15,"45":11,"46":4,"47":1,"48":1,"49":3,"50":2,"51":2,"52":1},"f":{"0":5,"1":2,"2":9,"3":3,"4":7,"5":1,"6":1,"7":1,"8":1,"9":1,"10":9,"11":15,"12":14,"13":1,"14":15},"b":{"0":[0,5],"1":[2,3],"2":[3,2],"3":[9],"4":[8,1],"5":[3],"6":[9,6],"7":[15,6],"8":[0,15],"9":[11,4],"10":[1,3],"11":[2,1]},"meta":{"lastBranch":12,"lastFunction":15,"lastStatement":53,"seen":{"f:21:9:21:21":0,"s:22:16:22:Infinity":0,"s:24:2:31:Infinity":1,"b:25:4:25:Infinity:undefined:undefined:undefined:undefined":0,"s:25:4:25:Infinity":2,"s:25:29:25:Infinity":3,"s:27:19:27:Infinity":4,"b:27:42:27:50:27:50:27:Infinity":1,"s:28:4:30:Infinity":5,"s:29:6:29:Infinity":6,"s:33:17:33:Infinity":7,"s:34:2:34:Infinity":8,"b:34:18:34:33:34:33:34:Infinity":2,"s:37:7:40:Infinity":9,"f:37:7:37:12":1,"s:38:2:38:Infinity":10,"s:39:2:39:Infinity":11,"f:55:2:55:Infinity":2,"b:60:21:60:Infinity":3,"s:57:21:57:Infinity":12,"s:58:21:58:Infinity":13,"s:59:21:59:Infinity":14,"s:60:21:60:Infinity":15,"s:43:25:43:Infinity":16,"s:44:25:44:Infinity":17,"s:45:25:45:Infinity":18,"s:47:25:47:Infinity":19,"s:53:36:53:Infinity":20,"s:62:4:62:Infinity":21,"s:65:4:65:Infinity":22,"b:66:4:68:Infinity:undefined:undefined:undefined:undefined":4,"s:66:4:68:Infinity":23,"s:67:6:67:Infinity":24,"f:79:8:79:31":3,"b:79:77:79:107":5,"s:80:4:80:Infinity":25,"f:92:8:92:28":4,"s:93:4:93:Infinity":26,"f:104:8:104:36":5,"s:105:4:105:Infinity":27,"f:116:8:116:23":6,"s:117:4:117:Infinity":28,"f:128:8:128:26":7,"s:129:4:129:Infinity":29,"f:138:8:138:74":8,"s:139:4:139:Infinity":30,"f:148:8:148:35":9,"s:149:4:149:Infinity":31,"f:152:16:152:50":10,"s:153:16:153:Infinity":32,"s:154:4:160:Infinity":33,"f:163:16:163:52":11,"b:164:4:167:Infinity:undefined:undefined:undefined:undefined":6,"s:164:4:167:Infinity":34,"b:164:8:164:57:164:57:164:76":7,"s:165:6:165:Infinity":35,"s:166:6:166:Infinity":36,"s:169:4:172:Infinity":37,"f:175:16:175:24":12,"s:176:4:176:Infinity":38,"f:179:16:179:25":13,"s:180:4:180:Infinity":39,"f:183:16:183:25":14,"s:184:20:184:Infinity":40,"s:185:16:185:Infinity":41,"s:186:17:186:Infinity":42,"b:186:24:186:47:186:47:186:Infinity":8,"s:188:19:188:Infinity":43,"b:189:4:191:Infinity:undefined:undefined:undefined:undefined":9,"s:189:4:191:Infinity":44,"s:190:6:190:Infinity":45,"b:194:4:197:Infinity:undefined:undefined:undefined:undefined":10,"s:194:4:197:Infinity":46,"s:195:6:195:Infinity":47,"s:196:6:196:Infinity":48,"b:200:4:203:Infinity:undefined:undefined:undefined:undefined":11,"s:200:4:203:Infinity":49,"s:201:20:201:Infinity":50,"s:202:6:202:Infinity":51,"s:205:4:205:Infinity":52},"fnNames":{}}}
,"/Users/tam/Code/tamtamchik/apple-iap-tools/src/appstoreserverapi/errors.ts": {"path":"/Users/tam/Code/tamtamchik/apple-iap-tools/src/appstoreserverapi/errors.ts","statementMap":{"0":{"start":{"line":3,"column":4},"end":{"line":3,"column":null}},"1":{"start":{"line":19,"column":36},"end":{"line":24,"column":null}},"2":{"start":{"line":35,"column":4},"end":{"line":35,"column":null}},"3":{"start":{"line":37,"column":4},"end":{"line":37,"column":null}},"4":{"start":{"line":38,"column":4},"end":{"line":38,"column":null}},"5":{"start":{"line":41,"column":4},"end":{"line":41,"column":null}},"6":{"start":{"line":43,"column":4},"end":{"line":43,"column":null}},"7":{"start":{"line":46,"column":4},"end":{"line":48,"column":null}},"8":{"start":{"line":47,"column":6},"end":{"line":47,"column":null}}},"fnMap":{"0":{"name":"constructor","decl":{"start":{"line":2,"column":2},"end":{"line":2,"column":15}},"loc":{"start":{"line":2,"column":33},"end":{"line":4,"column":null}},"line":2},"1":{"name":"constructor_2","decl":{"start":{"line":34,"column":2},"end":{"line":34,"column":15}},"loc":{"start":{"line":34,"column":98},"end":{"line":49,"column":null}},"line":34}},"branchMap":{"0":{"loc":{"start":{"line":3,"column":10},"end":{"line":3,"column":69}},"type":"binary-expr","locations":[{"start":{"line":3,"column":10},"end":{"line":3,"column":21}},{"start":{"line":3,"column":21},"end":{"line":3,"column":69}}],"line":3},"1":{"loc":{"start":{"line":35,"column":10},"end":{"line":35,"column":93}},"type":"binary-expr","locations":[{"start":{"line":35,"column":10},"end":{"line":35,"column":21}},{"start":{"line":35,"column":21},"end":{"line":35,"column":93}}],"line":35},"2":{"loc":{"start":{"line":43,"column":31},"end":{"line":43,"column":null}},"type":"binary-expr","locations":[{"start":{"line":43,"column":31},"end":{"line":43,"column":49}},{"start":{"line":43,"column":49},"end":{"line":43,"column":null}}],"line":43},"3":{"loc":{"start":{"line":46,"column":4},"end":{"line":48,"column":null}},"type":"if","locations":[{"start":{"line":46,"column":4},"end":{"line":48,"column":null}},{"start":{},"end":{}}],"line":46},"4":{"loc":{"start":{"line":46,"column":8},"end":{"line":46,"column":64}},"type":"binary-expr","locations":[{"start":{"line":46,"column":8},"end":{"line":46,"column":36}},{"start":{"line":46,"column":36},"end":{"line":46,"column":64}}],"line":46}},"s":{"0":1,"1":2,"2":2,"3":2,"4":2,"5":2,"6":2,"7":2,"8":1},"f":{"0":1,"1":2},"b":{"0":[1,1],"1":[2,2],"2":[2,1],"3":[1,1],"4":[2,1]},"meta":{"lastBranch":5,"lastFunction":2,"lastStatement":9,"seen":{"f:2:2:2:15":0,"s:3:4:3:Infinity":0,"b:3:10:3:21:3:21:3:69":0,"s:19:36:24:Infinity":1,"f:34:2:34:15":1,"s:35:4:35:Infinity":2,"b:35:10:35:21:35:21:35:93":1,"s:37:4:37:Infinity":3,"s:38:4:38:Infinity":4,"s:41:4:41:Infinity":5,"s:43:4:43:Infinity":6,"b:43:31:43:49:43:49:43:Infinity":2,"b:46:4:48:Infinity:undefined:undefined:undefined:undefined":3,"s:46:4:48:Infinity":7,"b:46:8:46:36:46:36:46:64":4,"s:47:6:47:Infinity":8},"fnNames":{}}}
,"/Users/tam/Code/tamtamchik/apple-iap-tools/src/appstoreserverapi/index.ts": {"path":"/Users/tam/Code/tamtamchik/apple-iap-tools/src/appstoreserverapi/index.ts","statementMap":{},"fnMap":{},"branchMap":{},"s":{},"f":{},"b":{},"meta":{"lastBranch":0,"lastFunction":0,"lastStatement":0,"seen":{},"fnNames":{}}}
,"/Users/tam/Code/tamtamchik/apple-iap-tools/src/appstoreserverapi/datatypes/index.ts": {"path":"/Users/tam/Code/tamtamchik/apple-iap-tools/src/appstoreserverapi/datatypes/index.ts","statementMap":{},"fnMap":{},"branchMap":{},"s":{},"f":{},"b":{},"meta":{"lastBranch":0,"lastFunction":0,"lastStatement":0,"seen":{},"fnNames":{}}}
,"/Users/tam/Code/tamtamchik/apple-iap-tools/src/appstoreserverapi/requests/history.ts": {"path":"/Users/tam/Code/tamtamchik/apple-iap-tools/src/appstoreserverapi/requests/history.ts","statementMap":{},"fnMap":{},"branchMap":{},"s":{},"f":{},"b":{},"meta":{"lastBranch":0,"lastFunction":0,"lastStatement":0,"seen":{},"fnNames":{}}}
,"/Users/tam/Code/tamtamchik/apple-iap-tools/src/appstoreserverapi/requests/index.ts": {"path":"/Users/tam/Code/tamtamchik/apple-iap-tools/src/appstoreserverapi/requests/index.ts","statementMap":{},"fnMap":{},"branchMap":{},"s":{},"f":{},"b":{},"meta":{"lastBranch":0,"lastFunction":0,"lastStatement":0,"seen":{},"fnNames":{}}}
,"/Users/tam/Code/tamtamchik/apple-iap-tools/src/appstoreserverapi/requests/orderLookup.ts": {"path":"/Users/tam/Code/tamtamchik/apple-iap-tools/src/appstoreserverapi/requests/orderLookup.ts","statementMap":{"0":{"start":{"line":7,"column":7},"end":{"line":17,"column":null}},"1":{"start":{"line":11,"column":2},"end":{"line":11,"column":null}},"2":{"start":{"line":16,"column":2},"end":{"line":16,"column":null}}},"fnMap":{"0":{"name":"(anonymous_0)","decl":{"start":{"line":7,"column":7},"end":{"line":7,"column":12}},"loc":{"start":{"line":7,"column":7},"end":{"line":17,"column":null}},"line":7}},"branchMap":{},"s":{"0":1,"1":1,"2":1},"f":{"0":1},"b":{},"meta":{"lastBranch":0,"lastFunction":1,"lastStatement":3,"seen":{"s:7:7:17:Infinity":0,"f:7:7:7:12":0,"s:11:2:11:Infinity":1,"s:16:2:16:Infinity":2},"fnNames":{}}}
,"/Users/tam/Code/tamtamchik/apple-iap-tools/src/appstoreserverapi/requests/refundHistory.ts": {"path":"/Users/tam/Code/tamtamchik/apple-iap-tools/src/appstoreserverapi/requests/refundHistory.ts","statementMap":{},"fnMap":{},"branchMap":{},"s":{},"f":{},"b":{},"meta":{"lastBranch":0,"lastFunction":0,"lastStatement":0,"seen":{},"fnNames":{}}}
,"/Users/tam/Code/tamtamchik/apple-iap-tools/src/appstoreserverapi/requests/subscriptionStatuses.ts": {"path":"/Users/tam/Code/tamtamchik/apple-iap-tools/src/appstoreserverapi/requests/subscriptionStatuses.ts","statementMap":{},"fnMap":{},"branchMap":{},"s":{},"f":{},"b":{},"meta":{"lastBranch":0,"lastFunction":0,"lastStatement":0,"seen":{},"fnNames":{}}}
,"/Users/tam/Code/tamtamchik/apple-iap-tools/src/appstoreserverapi/requests/testNotification.ts": {"path":"/Users/tam/Code/tamtamchik/apple-iap-tools/src/appstoreserverapi/requests/testNotification.ts","statementMap":{"0":{"start":{"line":22,"column":7},"end":{"line":33,"column":null}},"1":{"start":{"line":23,"column":2},"end":{"line":23,"column":null}},"2":{"start":{"line":24,"column":2},"end":{"line":24,"column":null}},"3":{"start":{"line":25,"column":2},"end":{"line":25,"column":null}},"4":{"start":{"line":26,"column":2},"end":{"line":26,"column":null}},"5":{"start":{"line":27,"column":2},"end":{"line":27,"column":null}},"6":{"start":{"line":28,"column":2},"end":{"line":28,"column":null}},"7":{"start":{"line":29,"column":2},"end":{"line":29,"column":null}},"8":{"start":{"line":30,"column":2},"end":{"line":30,"column":null}},"9":{"start":{"line":31,"column":2},"end":{"line":31,"column":null}},"10":{"start":{"line":32,"column":2},"end":{"line":32,"column":null}}},"fnMap":{"0":{"name":"(anonymous_0)","decl":{"start":{"line":22,"column":7},"end":{"line":22,"column":12}},"loc":{"start":{"line":22,"column":7},"end":{"line":33,"column":null}},"line":22}},"branchMap":{},"s":{"0":1,"1":1,"2":1,"3":1,"4":1,"5":1,"6":1,"7":1,"8":1,"9":1,"10":1},"f":{"0":1},"b":{},"meta":{"lastBranch":0,"lastFunction":1,"lastStatement":11,"seen":{"s:22:7:33:Infinity":0,"f:22:7:22:12":0,"s:23:2:23:Infinity":1,"s:24:2:24:Infinity":2,"s:25:2:25:Infinity":3,"s:26:2:26:Infinity":4,"s:27:2:27:Infinity":5,"s:28:2:28:Infinity":6,"s:29:2:29:Infinity":7,"s:30:2:30:Infinity":8,"s:31:2:31:Infinity":9,"s:32:2:32:Infinity":10},"fnNames":{}}}
,"/Users/tam/Code/tamtamchik/apple-iap-tools/src/appstoreserverapi/requests/transactionInfo.ts": {"path":"/Users/tam/Code/tamtamchik/apple-iap-tools/src/appstoreserverapi/requests/transactionInfo.ts","statementMap":{},"fnMap":{},"branchMap":{},"s":{},"f":{},"b":{},"meta":{"lastBranch":0,"lastFunction":0,"lastStatement":0,"seen":{},"fnNames":{}}}
,"/Users/tam/Code/tamtamchik/apple-iap-tools/src/appstoreservernotifications/v2/decode.ts": {"path":"/Users/tam/Code/tamtamchik/apple-iap-tools/src/appstoreservernotifications/v2/decode.ts","statementMap":{"0":{"start":{"line":14,"column":6},"end":{"line":14,"column":null}},"1":{"start":{"line":14,"column":99},"end":{"line":14,"column":null}},"2":{"start":{"line":16,"column":6},"end":{"line":16,"column":null}},"3":{"start":{"line":16,"column":105},"end":{"line":16,"column":null}},"4":{"start":{"line":63,"column":13},"end":{"line":63,"column":null}},"5":{"start":{"line":63,"column":88},"end":{"line":63,"column":null}},"6":{"start":{"line":65,"column":13},"end":{"line":65,"column":null}},"7":{"start":{"line":65,"column":94},"end":{"line":65,"column":null}},"8":{"start":{"line":67,"column":13},"end":{"line":67,"column":null}},"9":{"start":{"line":67,"column":122},"end":{"line":67,"column":null}},"10":{"start":{"line":69,"column":13},"end":{"line":69,"column":null}},"11":{"start":{"line":69,"column":94},"end":{"line":69,"column":null}},"12":{"start":{"line":80,"column":15},"end":{"line":80,"column":null}},"13":{"start":{"line":82,"column":2},"end":{"line":91,"column":null}},"14":{"start":{"line":83,"column":31},"end":{"line":83,"column":null}},"15":{"start":{"line":86,"column":4},"end":{"line":88,"column":null}},"16":{"start":{"line":87,"column":6},"end":{"line":87,"column":null}},"17":{"start":{"line":90,"column":4},"end":{"line":90,"column":null}},"18":{"start":{"line":93,"column":2},"end":{"line":100,"column":null}},"19":{"start":{"line":94,"column":4},"end":{"line":97,"column":null}},"20":{"start":{"line":95,"column":36},"end":{"line":95,"column":null}},"21":{"start":{"line":96,"column":6},"end":{"line":96,"column":null}},"22":{"start":{"line":99,"column":4},"end":{"line":99,"column":null}},"23":{"start":{"line":102,"column":2},"end":{"line":102,"column":null}}},"fnMap":{"0":{"name":"(anonymous_0)","decl":{"start":{"line":14,"column":6},"end":{"line":14,"column":32}},"loc":{"start":{"line":14,"column":99},"end":{"line":14,"column":null}},"line":14},"1":{"name":"(anonymous_1)","decl":{"start":{"line":16,"column":6},"end":{"line":16,"column":35}},"loc":{"start":{"line":16,"column":105},"end":{"line":16,"column":null}},"line":16},"2":{"name":"(anonymous_2)","decl":{"start":{"line":63,"column":13},"end":{"line":63,"column":35}},"loc":{"start":{"line":63,"column":88},"end":{"line":63,"column":null}},"line":63},"3":{"name":"(anonymous_3)","decl":{"start":{"line":65,"column":13},"end":{"line":65,"column":38}},"loc":{"start":{"line":65,"column":94},"end":{"line":65,"column":null}},"line":65},"4":{"name":"(anonymous_4)","decl":{"start":{"line":67,"column":13},"end":{"line":67,"column":52}},"loc":{"start":{"line":67,"column":122},"end":{"line":67,"column":null}},"line":67},"5":{"name":"(anonymous_5)","decl":{"start":{"line":69,"column":13},"end":{"line":69,"column":38}},"loc":{"start":{"line":69,"column":94},"end":{"line":69,"column":null}},"line":69},"6":{"name":"decode","decl":{"start":{"line":79,"column":22},"end":{"line":79,"column":30}},"loc":{"start":{"line":79,"column":99},"end":{"line":103,"column":null}},"line":79}},"branchMap":{"0":{"loc":{"start":{"line":82,"column":2},"end":{"line":91,"column":null}},"type":"if","locations":[{"start":{"line":82,"column":2},"end":{"line":91,"column":null}},{"start":{},"end":{}}],"line":82},"1":{"loc":{"start":{"line":86,"column":4},"end":{"line":88,"column":null}},"type":"if","locations":[{"start":{"line":86,"column":4},"end":{"line":88,"column":null}},{"start":{},"end":{}}],"line":86},"2":{"loc":{"start":{"line":93,"column":2},"end":{"line":100,"column":null}},"type":"if","locations":[{"start":{"line":93,"column":2},"end":{"line":100,"column":null}},{"start":{},"end":{}}],"line":93},"3":{"loc":{"start":{"line":94,"column":4},"end":{"line":97,"column":null}},"type":"if","locations":[{"start":{"line":94,"column":4},"end":{"line":97,"column":null}},{"start":{},"end":{}}],"line":94}},"s":{"0":2,"1":6,"2":2,"3":4,"4":2,"5":3,"6":2,"7":3,"8":2,"9":2,"10":2,"11":3,"12":7,"13":6,"14":2,"15":2,"16":1,"17":2,"18":4,"19":2,"20":1,"21":1,"22":1,"23":2},"f":{"0":6,"1":4,"2":3,"3":3,"4":2,"5":3,"6":7},"b":{"0":[2,4],"1":[1,1],"2":[2,2],"3":[1,1]},"meta":{"lastBranch":4,"lastFunction":7,"lastStatement":24,"seen":{"s:14:6:14:Infinity":0,"f:14:6:14:32":0,"s:14:99:14:Infinity":1,"s:16:6:16:Infinity":2,"f:16:6:16:35":1,"s:16:105:16:Infinity":3,"s:63:13:63:Infinity":4,"f:63:13:63:35":2,"s:63:88:63:Infinity":5,"s:65:13:65:Infinity":6,"f:65:13:65:38":3,"s:65:94:65:Infinity":7,"s:67:13:67:Infinity":8,"f:67:13:67:52":4,"s:67:122:67:Infinity":9,"s:69:13:69:Infinity":10,"f:69:13:69:38":5,"s:69:94:69:Infinity":11,"f:79:22:79:30":6,"s:80:15:80:Infinity":12,"b:82:2:91:Infinity:undefined:undefined:undefined:undefined":0,"s:82:2:91:Infinity":13,"s:83:31:83:Infinity":14,"b:86:4:88:Infinity:undefined:undefined:undefined:undefined":1,"s:86:4:88:Infinity":15,"s:87:6:87:Infinity":16,"s:90:4:90:Infinity":17,"b:93:2:100:Infinity:undefined:undefined:undefined:undefined":2,"s:93:2:100:Infinity":18,"b:94:4:97:Infinity:undefined:undefined:undefined:undefined":3,"s:94:4:97:Infinity":19,"s:95:36:95:Infinity":20,"s:96:6:96:Infinity":21,"s:99:4:99:Infinity":22,"s:102:2:102:Infinity":23},"fnNames":{}}}
,"/Users/tam/Code/tamtamchik/apple-iap-tools/src/appstoreservernotifications/v2/index.ts": {"path":"/Users/tam/Code/tamtamchik/apple-iap-tools/src/appstoreservernotifications/v2/index.ts","statementMap":{},"fnMap":{},"branchMap":{},"s":{},"f":{},"b":{},"meta":{"lastBranch":0,"lastFunction":0,"lastStatement":0,"seen":{},"fnNames":{}}}
,"/Users/tam/Code/tamtamchik/apple-iap-tools/src/appstoreservernotifications/v2/body/appData.ts": {"path":"/Users/tam/Code/tamtamchik/apple-iap-tools/src/appstoreservernotifications/v2/body/appData.ts","statementMap":{},"fnMap":{},"branchMap":{},"s":{},"f":{},"b":{},"meta":{"lastBranch":0,"lastFunction":0,"lastStatement":0,"seen":{},"fnNames":{}}}
,"/Users/tam/Code/tamtamchik/apple-iap-tools/src/appstoreservernotifications/v2/body/data.ts": {"path":"/Users/tam/Code/tamtamchik/apple-iap-tools/src/appstoreservernotifications/v2/body/data.ts","statementMap":{"0":{"start":{"line":19,"column":7},"end":{"line":44,"column":null}},"1":{"start":{"line":23,"column":2},"end":{"line":23,"column":null}},"2":{"start":{"line":28,"column":2},"end":{"line":28,"column":null}},"3":{"start":{"line":33,"column":2},"end":{"line":33,"column":null}},"4":{"start":{"line":38,"column":2},"end":{"line":38,"column":null}},"5":{"start":{"line":43,"column":2},"end":{"line":43,"column":null}}},"fnMap":{"0":{"name":"(anonymous_0)","decl":{"start":{"line":19,"column":7},"end":{"line":19,"column":12}},"loc":{"start":{"line":19,"column":7},"end":{"line":44,"column":null}},"line":19}},"branchMap":{},"s":{"0":1,"1":1,"2":1,"3":1,"4":1,"5":1},"f":{"0":1},"b":{},"meta":{"lastBranch":0,"lastFunction":1,"lastStatement":6,"seen":{"s:19:7:44:Infinity":0,"f:19:7:19:12":0,"s:23:2:23:Infinity":1,"s:28:2:28:Infinity":2,"s:33:2:33:Infinity":3,"s:38:2:38:Infinity":4,"s:43:2:43:Infinity":5},"fnNames":{}}}
,"/Users/tam/Code/tamtamchik/apple-iap-tools/src/appstoreservernotifications/v2/body/externalPurchaseToken.ts": {"path":"/Users/tam/Code/tamtamchik/apple-iap-tools/src/appstoreservernotifications/v2/body/externalPurchaseToken.ts","statementMap":{"0":{"start":{"line":7,"column":7},"end":{"line":17,"column":null}},"1":{"start":{"line":11,"column":2},"end":{"line":11,"column":null}},"2":{"start":{"line":16,"column":2},"end":{"line":16,"column":null}}},"fnMap":{"0":{"name":"(anonymous_0)","decl":{"start":{"line":7,"column":7},"end":{"line":7,"column":12}},"loc":{"start":{"line":7,"column":7},"end":{"line":17,"column":null}},"line":7}},"branchMap":{},"s":{"0":1,"1":1,"2":1},"f":{"0":1},"b":{},"meta":{"lastBranch":0,"lastFunction":1,"lastStatement":3,"seen":{"s:7:7:17:Infinity":0,"f:7:7:7:12":0,"s:11:2:11:Infinity":1,"s:16:2:16:Infinity":2},"fnNames":{}}}
,"/Users/tam/Code/tamtamchik/apple-iap-tools/src/appstoreservernotifications/v2/body/index.ts": {"path":"/Users/tam/Code/tamtamchik/apple-iap-tools/src/appstoreservernotifications/v2/body/index.ts","statementMap":{},"fnMap":{},"branchMap":{},"s":{},"f":{},"b":{},"meta":{"lastBranch":0,"lastFunction":0,"lastStatement":0,"seen":{},"fnNames":{}}}
,"/Users/tam/Code/tamtamchik/apple-iap-tools/src/appstoreservernotifications/v2/body/notificationType.ts": {"path":"/Users/tam/Code/tamtamchik/apple-iap-tools/src/appstoreservernotifications/v2/body/notificationType.ts","statementMap":{"0":{"start":{"line":7,"column":7},"end":{"line":261,"column":null}},"1":{"start":{"line":13,"column":2},"end":{"line":13,"column":null}},"2":{"start":{"line":30,"column":2},"end":{"line":30,"column":null}},"3":{"start":{"line":40,"column":2},"end":{"line":40,"column":null}},"4":{"start":{"line":54,"column":2},"end":{"line":54,"column":null}},"5":{"start":{"line":65,"column":2},"end":{"line":65,"column":null}},"6":{"start":{"line":83,"column":2},"end":{"line":83,"column":null}},"7":{"start":{"line":100,"column":2},"end":{"line":100,"column":null}},"8":{"start":{"line":110,"column":2},"end":{"line":110,"column":null}},"9":{"start":{"line":118,"column":2},"end":{"line":118,"column":null}},"10":{"start":{"line":126,"column":2},"end":{"line":126,"column":null}},"11":{"start":{"line":145,"column":2},"end":{"line":145,"column":null}},"12":{"start":{"line":154,"column":2},"end":{"line":154,"column":null}},"13":{"start":{"line":162,"column":2},"end":{"line":162,"column":null}},"14":{"start":{"line":173,"column":2},"end":{"line":173,"column":null}},"15":{"start":{"line":182,"column":2},"end":{"line":182,"column":null}},"16":{"start":{"line":189,"column":2},"end":{"line":189,"column":null}},"17":{"start":{"line":199,"column":2},"end":{"line":199,"column":null}},"18":{"start":{"line":207,"column":2},"end":{"line":207,"column":null}},"19":{"start":{"line":220,"column":2},"end":{"line":220,"column":null}},"20":{"start":{"line":228,"column":2},"end":{"line":228,"column":null}},"21":{"start":{"line":238,"column":2},"end":{"line":238,"column":null}},"22":{"start":{"line":249,"column":2},"end":{"line":249,"column":null}},"23":{"start":{"line":260,"column":2},"end":{"line":260,"column":null}}},"fnMap":{"0":{"name":"(anonymous_0)","decl":{"start":{"line":7,"column":7},"end":{"line":7,"column":12}},"loc":{"start":{"line":7,"column":7},"end":{"line":261,"column":null}},"line":7}},"branchMap":{},"s":{"0":1,"1":1,"2":1,"3":1,"4":1,"5":1,"6":1,"7":1,"8":1,"9":1,"10":1,"11":1,"12":1,"13":1,"14":1,"15":1,"16":1,"17":1,"18":1,"19":1,"20":1,"21":1,"22":1,"23":1},"f":{"0":1},"b":{},"meta":{"lastBranch":0,"lastFunction":1,"lastStatement":24,"seen":{"s:7:7:261:Infinity":0,"f:7:7:7:12":0,"s:13:2:13:Infinity":1,"s:30:2:30:Infinity":2,"s:40:2:40:Infinity":3,"s:54:2:54:Infinity":4,"s:65:2:65:Infinity":5,"s:83:2:83:Infinity":6,"s:100:2:100:Infinity":7,"s:110:2:110:Infinity":8,"s:118:2:118:Infinity":9,"s:126:2:126:Infinity":10,"s:145:2:145:Infinity":11,"s:154:2:154:Infinity":12,"s:162:2:162:Infinity":13,"s:173:2:173:Infinity":14,"s:182:2:182:Infinity":15,"s:189:2:189:Infinity":16,"s:199:2:199:Infinity":17,"s:207:2:207:Infinity":18,"s:220:2:220:Infinity":19,"s:228:2:228:Infinity":20,"s:238:2:238:Infinity":21,"s:249:2:249:Infinity":22,"s:260:2:260:Infinity":23},"fnNames":{}}}
,"/Users/tam/Code/tamtamchik/apple-iap-tools/src/appstoreservernotifications/v2/body/responseBodyV2.ts": {"path":"/Users/tam/Code/tamtamchik/apple-iap-tools/src/appstoreservernotifications/v2/body/responseBodyV2.ts","statementMap":{},"fnMap":{},"branchMap":{},"s":{},"f":{},"b":{},"meta":{"lastBranch":0,"lastFunction":0,"lastStatement":0,"seen":{},"fnNames":{}}}
,"/Users/tam/Code/tamtamchik/apple-iap-tools/src/appstoreservernotifications/v2/body/responseBodyV2Decoded.ts": {"path":"/Users/tam/Code/tamtamchik/apple-iap-tools/src/appstoreservernotifications/v2/body/responseBodyV2Decoded.ts","statementMap":{},"fnMap":{},"branchMap":{},"s":{},"f":{},"b":{},"meta":{"lastBranch":0,"lastFunction":0,"lastStatement":0,"seen":{},"fnNames":{}}}
,"/Users/tam/Code/tamtamchik/apple-iap-tools/src/appstoreservernotifications/v2/body/status.ts": {"path":"/Users/tam/Code/tamtamchik/apple-iap-tools/src/appstoreservernotifications/v2/body/status.ts","statementMap":{"0":{"start":{"line":8,"column":7},"end":{"line":43,"column":null}},"1":{"start":{"line":14,"column":2},"end":{"line":14,"column":null}},"2":{"start":{"line":21,"column":2},"end":{"line":21,"column":null}},"3":{"start":{"line":28,"column":2},"end":{"line":28,"column":null}},"4":{"start":{"line":35,"column":2},"end":{"line":35,"column":null}},"5":{"start":{"line":42,"column":2},"end":{"line":42,"column":null}}},"fnMap":{"0":{"name":"(anonymous_0)","decl":{"start":{"line":8,"column":7},"end":{"line":8,"column":12}},"loc":{"start":{"line":8,"column":7},"end":{"line":43,"column":null}},"line":8}},"branchMap":{},"s":{"0":1,"1":1,"2":1,"3":1,"4":1,"5":1},"f":{"0":1},"b":{},"meta":{"lastBranch":0,"lastFunction":1,"lastStatement":6,"seen":{"s:8:7:43:Infinity":0,"f:8:7:8:12":0,"s:14:2:14:Infinity":1,"s:21:2:21:Infinity":2,"s:28:2:28:Infinity":3,"s:35:2:35:Infinity":4,"s:42:2:42:Infinity":5},"fnNames":{}}}
,"/Users/tam/Code/tamtamchik/apple-iap-tools/src/appstoreservernotifications/v2/body/subtype.ts": {"path":"/Users/tam/Code/tamtamchik/apple-iap-tools/src/appstoreservernotifications/v2/body/subtype.ts","statementMap":{"0":{"start":{"line":7,"column":7},"end":{"line":147,"column":null}},"1":{"start":{"line":12,"column":2},"end":{"line":12,"column":null}},"2":{"start":{"line":21,"column":2},"end":{"line":21,"column":null}},"3":{"start":{"line":28,"column":2},"end":{"line":28,"column":null}},"4":{"start":{"line":34,"column":2},"end":{"line":34,"column":null}},"5":{"start":{"line":41,"column":2},"end":{"line":41,"column":null}},"6":{"start":{"line":48,"column":2},"end":{"line":48,"column":null}},"7":{"start":{"line":56,"column":2},"end":{"line":56,"column":null}},"8":{"start":{"line":63,"column":2},"end":{"line":63,"column":null}},"9":{"start":{"line":72,"column":2},"end":{"line":72,"column":null}},"10":{"start":{"line":79,"column":2},"end":{"line":79,"column":null}},"11":{"start":{"line":86,"column":2},"end":{"line":86,"column":null}},"12":{"start":{"line":93,"column":2},"end":{"line":93,"column":null}},"13":{"start":{"line":100,"column":2},"end":{"line":100,"column":null}},"14":{"start":{"line":107,"column":2},"end":{"line":107,"column":null}},"15":{"start":{"line":114,"column":2},"end":{"line":114,"column":null}},"16":{"start":{"line":123,"column":2},"end":{"line":123,"column":null}},"17":{"start":{"line":132,"column":2},"end":{"line":132,"column":null}},"18":{"start":{"line":139,"column":2},"end":{"line":139,"column":null}},"19":{"start":{"line":146,"column":2},"end":{"line":146,"column":null}}},"fnMap":{"0":{"name":"(anonymous_0)","decl":{"start":{"line":7,"column":7},"end":{"line":7,"column":12}},"loc":{"start":{"line":7,"column":7},"end":{"line":147,"column":null}},"line":7}},"branchMap":{},"s":{"0":1,"1":1,"2":1,"3":1,"4":1,"5":1,"6":1,"7":1,"8":1,"9":1,"10":1,"11":1,"12":1,"13":1,"14":1,"15":1,"16":1,"17":1,"18":1,"19":1},"f":{"0":1},"b":{},"meta":{"lastBranch":0,"lastFunction":1,"lastStatement":20,"seen":{"s:7:7:147:Infinity":0,"f:7:7:7:12":0,"s:12:2:12:Infinity":1,"s:21:2:21:Infinity":2,"s:28:2:28:Infinity":3,"s:34:2:34:Infinity":4,"s:41:2:41:Infinity":5,"s:48:2:48:Infinity":6,"s:56:2:56:Infinity":7,"s:63:2:63:Infinity":8,"s:72:2:72:Infinity":9,"s:79:2:79:Infinity":10,"s:86:2:86:Infinity":11,"s:93:2:93:Infinity":12,"s:100:2:100:Infinity":13,"s:107:2:107:Infinity":14,"s:114:2:114:Infinity":15,"s:123:2:123:Infinity":16,"s:132:2:132:Infinity":17,"s:139:2:139:Infinity":18,"s:146:2:146:Infinity":19},"fnNames":{}}}
,"/Users/tam/Code/tamtamchik/apple-iap-tools/src/appstoreservernotifications/v2/body/summary.ts": {"path":"/Users/tam/Code/tamtamchik/apple-iap-tools/src/appstoreservernotifications/v2/body/summary.ts","statementMap":{},"fnMap":{},"branchMap":{},"s":{},"f":{},"b":{},"meta":{"lastBranch":0,"lastFunction":0,"lastStatement":0,"seen":{},"fnNames":{}}}
,"/Users/tam/Code/tamtamchik/apple-iap-tools/src/appstoreservernotifications/v2/transaction/accountInfo.ts": {"path":"/Users/tam/Code/tamtamchik/apple-iap-tools/src/appstoreservernotifications/v2/transaction/accountInfo.ts","statementMap":{},"fnMap":{},"branchMap":{},"s":{},"f":{},"b":{},"meta":{"lastBranch":0,"lastFunction":0,"lastStatement":0,"seen":{},"fnNames":{}}}
,"/Users/tam/Code/tamtamchik/apple-iap-tools/src/appstoreservernotifications/v2/transaction/appAndProductInformation.ts": {"path":"/Users/tam/Code/tamtamchik/apple-iap-tools/src/appstoreservernotifications/v2/transaction/appAndProductInformation.ts","statementMap":{"0":{"start":{"line":35,"column":7},"end":{"line":55,"column":null}},"1":{"start":{"line":39,"column":2},"end":{"line":39,"column":null}},"2":{"start":{"line":44,"column":2},"end":{"line":44,"column":null}},"3":{"start":{"line":49,"column":2},"end":{"line":49,"column":null}},"4":{"start":{"line":54,"column":2},"end":{"line":54,"column":null}}},"fnMap":{"0":{"name":"(anonymous_0)","decl":{"start":{"line":35,"column":7},"end":{"line":35,"column":12}},"loc":{"start":{"line":35,"column":7},"end":{"line":55,"column":null}},"line":35}},"branchMap":{},"s":{"0":1,"1":1,"2":1,"3":1,"4":1},"f":{"0":1},"b":{},"meta":{"lastBranch":0,"lastFunction":1,"lastStatement":5,"seen":{"s:35:7:55:Infinity":0,"f:35:7:35:12":0,"s:39:2:39:Infinity":1,"s:44:2:44:Infinity":2,"s:49:2:49:Infinity":3,"s:54:2:54:Infinity":4},"fnNames":{}}}
,"/Users/tam/Code/tamtamchik/apple-iap-tools/src/appstoreservernotifications/v2/transaction/billingStatus.ts": {"path":"/Users/tam/Code/tamtamchik/apple-iap-tools/src/appstoreservernotifications/v2/transaction/billingStatus.ts","statementMap":{},"fnMap":{},"branchMap":{},"s":{},"f":{},"b":{},"meta":{"lastBranch":0,"lastFunction":0,"lastStatement":0,"seen":{},"fnNames":{}}}
,"/Users/tam/Code/tamtamchik/apple-iap-tools/src/appstoreservernotifications/v2/transaction/commitment.ts": {"path":"/Users/tam/Code/tamtamchik/apple-iap-tools/src/appstoreservernotifications/v2/transaction/commitment.ts","statementMap":{"0":{"start":{"line":11,"column":7},"end":{"line":21,"column":null}},"1":{"start":{"line":15,"column":2},"end":{"line":15,"column":null}},"2":{"start":{"line":20,"column":2},"end":{"line":20,"column":null}}},"fnMap":{"0":{"name":"(anonymous_0)","decl":{"start":{"line":11,"column":7},"end":{"line":11,"column":12}},"loc":{"start":{"line":11,"column":7},"end":{"line":21,"column":null}},"line":11}},"branchMap":{},"s":{"0":1,"1":1,"2":1},"f":{"0":1},"b":{},"meta":{"lastBranch":0,"lastFunction":1,"lastStatement":3,"seen":{"s:11:7:21:Infinity":0,"f:11:7:11:12":0,"s:15:2:15:Infinity":1,"s:20:2:20:Infinity":2},"fnNames":{}}}
,"/Users/tam/Code/tamtamchik/apple-iap-tools/src/appstoreservernotifications/v2/transaction/familySharing.ts": {"path":"/Users/tam/Code/tamtamchik/apple-iap-tools/src/appstoreservernotifications/v2/transaction/familySharing.ts","statementMap":{"0":{"start":{"line":7,"column":7},"end":{"line":17,"column":null}},"1":{"start":{"line":11,"column":2},"end":{"line":11,"column":null}},"2":{"start":{"line":16,"column":2},"end":{"line":16,"column":null}}},"fnMap":{"0":{"name":"(anonymous_0)","decl":{"start":{"line":7,"column":7},"end":{"line":7,"column":12}},"loc":{"start":{"line":7,"column":7},"end":{"line":17,"column":null}},"line":7}},"branchMap":{},"s":{"0":1,"1":1,"2":1},"f":{"0":1},"b":{},"meta":{"lastBranch":0,"lastFunction":1,"lastStatement":3,"seen":{"s:7:7:17:Infinity":0,"f:7:7:7:12":0,"s:11:2:11:Infinity":1,"s:16:2:16:Infinity":2},"fnNames":{}}}
,"/Users/tam/Code/tamtamchik/apple-iap-tools/src/appstoreservernotifications/v2/transaction/index.ts": {"path":"/Users/tam/Code/tamtamchik/apple-iap-tools/src/appstoreservernotifications/v2/transaction/index.ts","statementMap":{},"fnMap":{},"branchMap":{},"s":{},"f":{},"b":{},"meta":{"lastBranch":0,"lastFunction":0,"lastStatement":0,"seen":{},"fnNames":{}}}
,"/Users/tam/Code/tamtamchik/apple-iap-tools/src/appstoreservernotifications/v2/transaction/priceAndCurrency.ts": {"path":"/Users/tam/Code/tamtamchik/apple-iap-tools/src/appstoreservernotifications/v2/transaction/priceAndCurrency.ts","statementMap":{},"fnMap":{},"branchMap":{},"s":{},"f":{},"b":{},"meta":{"lastBranch":0,"lastFunction":0,"lastStatement":0,"seen":{},"fnNames":{}}}
,"/Users/tam/Code/tamtamchik/apple-iap-tools/src/appstoreservernotifications/v2/transaction/priceIncreaseStatus.ts": {"path":"/Users/tam/Code/tamtamchik/apple-iap-tools/src/appstoreservernotifications/v2/transaction/priceIncreaseStatus.ts","statementMap":{"0":{"start":{"line":7,"column":7},"end":{"line":19,"column":null}},"1":{"start":{"line":11,"column":2},"end":{"line":11,"column":null}},"2":{"start":{"line":18,"column":2},"end":{"line":18,"column":null}}},"fnMap":{"0":{"name":"(anonymous_0)","decl":{"start":{"line":7,"column":7},"end":{"line":7,"column":12}},"loc":{"start":{"line":7,"column":7},"end":{"line":19,"column":null}},"line":7}},"branchMap":{},"s":{"0":1,"1":1,"2":1},"f":{"0":1},"b":{},"meta":{"lastBranch":0,"lastFunction":1,"lastStatement":3,"seen":{"s:7:7:19:Infinity":0,"f:7:7:7:12":0,"s:11:2:11:Infinity":1,"s:18:2:18:Infinity":2},"fnNames":{}}}
,"/Users/tam/Code/tamtamchik/apple-iap-tools/src/appstoreservernotifications/v2/transaction/promotionalOffers.ts": {"path":"/Users/tam/Code/tamtamchik/apple-iap-tools/src/appstoreservernotifications/v2/transaction/promotionalOffers.ts","statementMap":{"0":{"start":{"line":22,"column":7},"end":{"line":42,"column":null}},"1":{"start":{"line":26,"column":2},"end":{"line":26,"column":null}},"2":{"start":{"line":31,"column":2},"end":{"line":31,"column":null}},"3":{"start":{"line":36,"column":2},"end":{"line":36,"column":null}},"4":{"start":{"line":41,"column":2},"end":{"line":41,"column":null}},"5":{"start":{"line":50,"column":7},"end":{"line":70,"column":null}},"6":{"start":{"line":54,"column":2},"end":{"line":54,"column":null}},"7":{"start":{"line":59,"column":2},"end":{"line":59,"column":null}},"8":{"start":{"line":64,"column":2},"end":{"line":64,"column":null}},"9":{"start":{"line":69,"column":2},"end":{"line":69,"column":null}}},"fnMap":{"0":{"name":"(anonymous_0)","decl":{"start":{"line":22,"column":7},"end":{"line":22,"column":12}},"loc":{"start":{"line":22,"column":7},"end":{"line":42,"column":null}},"line":22},"1":{"name":"(anonymous_1)","decl":{"start":{"line":50,"column":7},"end":{"line":50,"column":12}},"loc":{"start":{"line":50,"column":7},"end":{"line":70,"column":null}},"line":50}},"branchMap":{},"s":{"0":1,"1":1,"2":1,"3":1,"4":1,"5":1,"6":1,"7":1,"8":1,"9":1},"f":{"0":1,"1":1},"b":{},"meta":{"lastBranch":0,"lastFunction":2,"lastStatement":10,"seen":{"s:22:7:42:Infinity":0,"f:22:7:22:12":0,"s:26:2:26:Infinity":1,"s:31:2:31:Infinity":2,"s:36:2:36:Infinity":3,"s:41:2:41:Infinity":4,"s:50:7:70:Infinity":5,"f:50:7:50:12":1,"s:54:2:54:Infinity":6,"s:59:2:59:Infinity":7,"s:64:2:64:Infinity":8,"s:69:2:69:Infinity":9},"fnNames":{}}}
,"/Users/tam/Code/tamtamchik/apple-iap-tools/src/appstoreservernotifications/v2/transaction/purchaseDates.ts": {"path":"/Users/tam/Code/tamtamchik/apple-iap-tools/src/appstoreservernotifications/v2/transaction/purchaseDates.ts","statementMap":{},"fnMap":{},"branchMap":{},"s":{},"f":{},"b":{},"meta":{"lastBranch":0,"lastFunction":0,"lastStatement":0,"seen":{},"fnNames":{}}}
,"/Users/tam/Code/tamtamchik/apple-iap-tools/src/appstoreservernotifications/v2/transaction/revocationDateAndReason.ts": {"path":"/Users/tam/Code/tamtamchik/apple-iap-tools/src/appstoreservernotifications/v2/transaction/revocationDateAndReason.ts","statementMap":{"0":{"start":{"line":9,"column":7},"end":{"line":21,"column":null}},"1":{"start":{"line":14,"column":2},"end":{"line":14,"column":null}},"2":{"start":{"line":20,"column":2},"end":{"line":20,"column":null}},"3":{"start":{"line":29,"column":7},"end":{"line":44,"column":null}},"4":{"start":{"line":33,"column":2},"end":{"line":33,"column":null}},"5":{"start":{"line":38,"column":2},"end":{"line":38,"column":null}},"6":{"start":{"line":43,"column":2},"end":{"line":43,"column":null}}},"fnMap":{"0":{"name":"(anonymous_0)","decl":{"start":{"line":9,"column":7},"end":{"line":9,"column":12}},"loc":{"start":{"line":9,"column":7},"end":{"line":21,"column":null}},"line":9},"1":{"name":"(anonymous_1)","decl":{"start":{"line":29,"column":7},"end":{"line":29,"column":12}},"loc":{"start":{"line":29,"column":7},"end":{"line":44,"column":null}},"line":29}},"branchMap":{},"s":{"0":1,"1":1,"2":1,"3":1,"4":1,"5":1,"6":1},"f":{"0":1,"1":1},"b":{},"meta":{"lastBranch":0,"lastFunction":2,"lastStatement":7,"seen":{"s:9:7:21:Infinity":0,"f:9:7:9:12":0,"s:14:2:14:Infinity":1,"s:20:2:20:Infinity":2,"s:29:7:44:Infinity":3,"f:29:7:29:12":1,"s:33:2:33:Infinity":4,"s:38:2:38:Infinity":5,"s:43:2:43:Infinity":6},"fnNames":{}}}
,"/Users/tam/Code/tamtamchik/apple-iap-tools/src/appstoreservernotifications/v2/transaction/storefrontInfo.ts": {"path":"/Users/tam/Code/tamtamchik/apple-iap-tools/src/appstoreservernotifications/v2/transaction/storefrontInfo.ts","statementMap":{},"fnMap":{},"branchMap":{},"s":{},"f":{},"b":{},"meta":{"lastBranch":0,"lastFunction":0,"lastStatement":0,"seen":{},"fnNames":{}}}
,"/Users/tam/Code/tamtamchik/apple-iap-tools/src/appstoreservernotifications/v2/transaction/subscriptionRenewalAndExpiration.ts": {"path":"/Users/tam/Code/tamtamchik/apple-iap-tools/src/appstoreservernotifications/v2/transaction/subscriptionRenewalAndExpiration.ts","statementMap":{"0":{"start":{"line":7,"column":7},"end":{"line":18,"column":null}},"1":{"start":{"line":12,"column":2},"end":{"line":12,"column":null}},"2":{"start":{"line":17,"column":2},"end":{"line":17,"column":null}},"3":{"start":{"line":34,"column":7},"end":{"line":60,"column":null}},"4":{"start":{"line":38,"column":2},"end":{"line":38,"column":null}},"5":{"start":{"line":43,"column":2},"end":{"line":43,"column":null}},"6":{"start":{"line":49,"column":2},"end":{"line":49,"column":null}},"7":{"start":{"line":54,"column":2},"end":{"line":54,"column":null}},"8":{"start":{"line":59,"column":2},"end":{"line":59,"column":null}}},"fnMap":{"0":{"name":"(anonymous_0)","decl":{"start":{"line":7,"column":7},"end":{"line":7,"column":12}},"loc":{"start":{"line":7,"column":7},"end":{"line":18,"column":null}},"line":7},"1":{"name":"(anonymous_1)","decl":{"start":{"line":34,"column":7},"end":{"line":34,"column":12}},"loc":{"start":{"line":34,"column":7},"end":{"line":60,"column":null}},"line":34}},"branchMap":{},"s":{"0":1,"1":1,"2":1,"3":1,"4":1,"5":1,"6":1,"7":1,"8":1},"f":{"0":1,"1":1},"b":{},"meta":{"lastBranch":0,"lastFunction":2,"lastStatement":9,"seen":{"s:7:7:18:Infinity":0,"f:7:7:7:12":0,"s:12:2:12:Infinity":1,"s:17:2:17:Infinity":2,"s:34:7:60:Infinity":3,"f:34:7:34:12":1,"s:38:2:38:Infinity":4,"s:43:2:43:Infinity":5,"s:49:2:49:Infinity":6,"s:54:2:54:Infinity":7,"s:59:2:59:Infinity":8},"fnNames":{}}}
,"/Users/tam/Code/tamtamchik/apple-iap-tools/src/appstoreservernotifications/v2/transaction/transactionIdentifiers.ts": {"path":"/Users/tam/Code/tamtamchik/apple-iap-tools/src/appstoreservernotifications/v2/transaction/transactionIdentifiers.ts","statementMap":{},"fnMap":{},"branchMap":{},"s":{},"f":{},"b":{},"meta":{"lastBranch":0,"lastFunction":0,"lastStatement":0,"seen":{},"fnNames":{}}}
,"/Users/tam/Code/tamtamchik/apple-iap-tools/src/appstoreservernotifications/v2/transaction/transactionReason.ts": {"path":"/Users/tam/Code/tamtamchik/apple-iap-tools/src/appstoreservernotifications/v2/transaction/transactionReason.ts","statementMap":{"0":{"start":{"line":8,"column":7},"end":{"line":19,"column":null}},"1":{"start":{"line":13,"column":2},"end":{"line":13,"column":null}},"2":{"start":{"line":18,"column":2},"end":{"line":18,"column":null}}},"fnMap":{"0":{"name":"(anonymous_0)","decl":{"start":{"line":8,"column":7},"end":{"line":8,"column":12}},"loc":{"start":{"line":8,"column":7},"end":{"line":19,"column":null}},"line":8}},"branchMap":{},"s":{"0":1,"1":1,"2":1},"f":{"0":1},"b":{},"meta":{"lastBranch":0,"lastFunction":1,"lastStatement":3,"seen":{"s:8:7:19:Infinity":0,"f:8:7:8:12":0,"s:13:2:13:Infinity":1,"s:18:2:18:Infinity":2},"fnNames":{}}}
,"/Users/tam/Code/tamtamchik/apple-iap-tools/src/deprecated/notifications/v1/helpers.ts": {"path":"/Users/tam/Code/tamtamchik/apple-iap-tools/src/deprecated/notifications/v1/helpers.ts","statementMap":{"0":{"start":{"line":18,"column":2},"end":{"line":18,"column":null}},"1":{"start":{"line":27,"column":2},"end":{"line":27,"column":null}},"2":{"start":{"line":36,"column":2},"end":{"line":36,"column":null}},"3":{"start":{"line":36,"column":35},"end":{"line":36,"column":null}},"4":{"start":{"line":38,"column":2},"end":{"line":41,"column":null}},"5":{"start":{"line":39,"column":21},"end":{"line":39,"column":null}},"6":{"start":{"line":39,"column":63},"end":{"line":39,"column":104}},"7":{"start":{"line":40,"column":4},"end":{"line":40,"column":null}},"8":{"start":{"line":43,"column":2},"end":{"line":43,"column":null}},"9":{"start":{"line":52,"column":2},"end":{"line":52,"column":null}},"10":{"start":{"line":52,"column":36},"end":{"line":52,"column":null}},"11":{"start":{"line":54,"column":24},"end":{"line":54,"column":null}},"12":{"start":{"line":55,"column":2},"end":{"line":55,"column":null}},"13":{"start":{"line":55,"column":22},"end":{"line":55,"column":null}},"14":{"start":{"line":57,"column":2},"end":{"line":62,"column":null}},"15":{"start":{"line":58,"column":28},"end":{"line":59,"column":null}},"16":{"start":{"line":59,"column":20},"end":{"line":59,"column":88}},"17":{"start":{"line":61,"column":4},"end":{"line":61,"column":null}},"18":{"start":{"line":64,"column":2},"end":{"line":64,"column":null}}},"fnMap":{"0":{"name":"isSuccess","decl":{"start":{"line":17,"column":16},"end":{"line":17,"column":27}},"loc":{"start":{"line":17,"column":102},"end":{"line":19,"column":null}},"line":17},"1":{"name":"isError","decl":{"start":{"line":26,"column":16},"end":{"line":26,"column":25}},"loc":{"start":{"line":26,"column":98},"end":{"line":28,"column":null}},"line":26},"2":{"name":"getLatestReceiptInfo","decl":{"start":{"line":35,"column":16},"end":{"line":35,"column":38}},"loc":{"start":{"line":35,"column":119},"end":{"line":44,"column":null}},"line":35},"3":{"name":"(anonymous_3)","decl":{"start":{"line":39,"column":48},"end":{"line":39,"column":54}},"loc":{"start":{"line":39,"column":63},"end":{"line":39,"column":104}},"line":39},"4":{"name":"getPendingRenewalInfo","decl":{"start":{"line":51,"column":16},"end":{"line":51,"column":39}},"loc":{"start":{"line":51,"column":121},"end":{"line":65,"column":null}},"line":51},"5":{"name":"(anonymous_5)","decl":{"start":{"line":59,"column":7},"end":{"line":59,"column":14}},"loc":{"start":{"line":59,"column":20},"end":{"line":59,"column":88}},"line":59}},"branchMap":{"0":{"loc":{"start":{"line":18,"column":9},"end":{"line":18,"column":null}},"type":"binary-expr","locations":[{"start":{"line":18,"column":9},"end":{"line":18,"column":63}},{"start":{"line":18,"column":63},"end":{"line":18,"column":null}}],"line":18},"1":{"loc":{"start":{"line":27,"column":9},"end":{"line":27,"column":null}},"type":"binary-expr","locations":[{"start":{"line":27,"column":9},"end":{"line":27,"column":63}},{"start":{"line":27,"column":63},"end":{"line":27,"column":null}}],"line":27},"2":{"loc":{"start":{"line":36,"column":2},"end":{"line":36,"column":null}},"type":"if","locations":[{"start":{"line":36,"column":2},"end":{"line":36,"column":null}},{"start":{},"end":{}}],"line":36},"3":{"loc":{"start":{"line":38,"column":2},"end":{"line":41,"column":null}},"type":"if","locations":[{"start":{"line":38,"column":2},"end":{"line":41,"column":null}},{"start":{},"end":{}}],"line":38},"4":{"loc":{"start":{"line":52,"column":2},"end":{"line":52,"column":null}},"type":"if","locations":[{"start":{"line":52,"column":2},"end":{"line":52,"column":null}},{"start":{},"end":{}}],"line":52},"5":{"loc":{"start":{"line":55,"column":2},"end":{"line":55,"column":null}},"type":"if","locations":[{"start":{"line":55,"column":2},"end":{"line":55,"column":null}},{"start":{},"end":{}}],"line":55},"6":{"loc":{"start":{"line":57,"column":2},"end":{"line":62,"column":null}},"type":"if","locations":[{"start":{"line":57,"column":2},"end":{"line":62,"column":null}},{"start":{},"end":{}}],"line":57},"7":{"loc":{"start":{"line":61,"column":11},"end":{"line":61,"column":null}},"type":"cond-expr","locations":[{"start":{"line":61,"column":36},"end":{"line":61,"column":57}},{"start":{"line":61,"column":57},"end":{"line":61,"column":null}}],"line":61}},"s":{"0":3,"1":2,"2":6,"3":1,"4":5,"5":4,"6":5,"7":4,"8":1,"9":3,"10":0,"11":3,"12":3,"13":0,"14":3,"15":2,"16":3,"17":2,"18":1},"f":{"0":3,"1":2,"2":6,"3":5,"4":3,"5":3},"b":{"0":[3,2],"1":[2,1],"2":[1,5],"3":[4,1],"4":[0,3],"5":[0,3],"6":[2,1],"7":[1,1]},"meta":{"lastBranch":8,"lastFunction":6,"lastStatement":19,"seen":{"f:17:16:17:27":0,"s:18:2:18:Infinity":0,"b:18:9:18:63:18:63:18:Infinity":0,"f:26:16:26:25":1,"s:27:2:27:Infinity":1,"b:27:9:27:63:27:63:27:Infinity":1,"f:35:16:35:38":2,"b:36:2:36:Infinity:undefined:undefined:undefined:undefined":2,"s:36:2:36:Infinity":2,"s:36:35:36:Infinity":3,"b:38:2:41:Infinity:undefined:undefined:undefined:undefined":3,"s:38:2:41:Infinity":4,"s:39:21:39:Infinity":5,"f:39:48:39:54":3,"s:39:63:39:104":6,"s:40:4:40:Infinity":7,"s:43:2:43:Infinity":8,"f:51:16:51:39":4,"b:52:2:52:Infinity:undefined:undefined:undefined:undefined":4,"s:52:2:52:Infinity":9,"s:52:36:52:Infinity":10,"s:54:24:54:Infinity":11,"b:55:2:55:Infinity:undefined:undefined:undefined:undefined":5,"s:55:2:55:Infinity":12,"s:55:22:55:Infinity":13,"b:57:2:62:Infinity:undefined:undefined:undefined:undefined":6,"s:57:2:62:Infinity":14,"s:58:28:59:Infinity":15,"f:59:7:59:14":5,"s:59:20:59:88":16,"s:61:4:61:Infinity":17,"b:61:36:61:57:61:57:61:Infinity":7,"s:64:2:64:Infinity":18},"fnNames":{}}}
,"/Users/tam/Code/tamtamchik/apple-iap-tools/src/deprecated/notifications/v1/index.ts": {"path":"/Users/tam/Code/tamtamchik/apple-iap-tools/src/deprecated/notifications/v1/index.ts","statementMap":{},"fnMap":{},"branchMap":{},"s":{},"f":{},"b":{},"meta":{"lastBranch":0,"lastFunction":0,"lastStatement":0,"seen":{},"fnNames":{}}}
,"/Users/tam/Code/tamtamchik/apple-iap-tools/src/deprecated/notifications/v1/types/inApp.ts": {"path":"/Users/tam/Code/tamtamchik/apple-iap-tools/src/deprecated/notifications/v1/types/inApp.ts","statementMap":{},"fnMap":{},"branchMap":{},"s":{},"f":{},"b":{},"meta":{"lastBranch":0,"lastFunction":0,"lastStatement":0,"seen":{},"fnNames":{}}}
,"/Users/tam/Code/tamtamchik/apple-iap-tools/src/deprecated/notifications/v1/types/latestReceiptInfo.ts": {"path":"/Users/tam/Code/tamtamchik/apple-iap-tools/src/deprecated/notifications/v1/types/latestReceiptInfo.ts","statementMap":{},"fnMap":{},"branchMap":{},"s":{},"f":{},"b":{},"meta":{"lastBranch":0,"lastFunction":0,"lastStatement":0,"seen":{},"fnNames":{}}}
,"/Users/tam/Code/tamtamchik/apple-iap-tools/src/deprecated/notifications/v1/types/notificationTypeV1.ts": {"path":"/Users/tam/Code/tamtamchik/apple-iap-tools/src/deprecated/notifications/v1/types/notificationTypeV1.ts","statementMap":{"0":{"start":{"line":9,"column":7},"end":{"line":96,"column":null}},"1":{"start":{"line":14,"column":2},"end":{"line":14,"column":null}},"2":{"start":{"line":20,"column":2},"end":{"line":20,"column":null}},"3":{"start":{"line":27,"column":2},"end":{"line":27,"column":null}},"4":{"start":{"line":35,"column":2},"end":{"line":35,"column":null}},"5":{"start":{"line":41,"column":2},"end":{"line":41,"column":null}},"6":{"start":{"line":46,"column":2},"end":{"line":46,"column":null}},"7":{"start":{"line":53,"column":2},"end":{"line":53,"column":null}},"8":{"start":{"line":59,"column":2},"end":{"line":59,"column":null}},"9":{"start":{"line":69,"column":2},"end":{"line":69,"column":null}},"10":{"start":{"line":78,"column":2},"end":{"line":78,"column":null}},"11":{"start":{"line":86,"column":2},"end":{"line":86,"column":null}},"12":{"start":{"line":95,"column":2},"end":{"line":95,"column":null}}},"fnMap":{"0":{"name":"(anonymous_0)","decl":{"start":{"line":9,"column":7},"end":{"line":9,"column":12}},"loc":{"start":{"line":9,"column":7},"end":{"line":96,"column":null}},"line":9}},"branchMap":{},"s":{"0":1,"1":1,"2":1,"3":1,"4":1,"5":1,"6":1,"7":1,"8":1,"9":1,"10":1,"11":1,"12":1},"f":{"0":1},"b":{},"meta":{"lastBranch":0,"lastFunction":1,"lastStatement":13,"seen":{"s:9:7:96:Infinity":0,"f:9:7:9:12":0,"s:14:2:14:Infinity":1,"s:20:2:20:Infinity":2,"s:27:2:27:Infinity":3,"s:35:2:35:Infinity":4,"s:41:2:41:Infinity":5,"s:46:2:46:Infinity":6,"s:53:2:53:Infinity":7,"s:59:2:59:Infinity":8,"s:69:2:69:Infinity":9,"s:78:2:78:Infinity":10,"s:86:2:86:Infinity":11,"s:95:2:95:Infinity":12},"fnNames":{}}}
,"/Users/tam/Code/tamtamchik/apple-iap-tools/src/deprecated/notifications/v1/types/pendingRenewalInfo.ts": {"path":"/Users/tam/Code/tamtamchik/apple-iap-tools/src/deprecated/notifications/v1/types/pendingRenewalInfo.ts","statementMap":{},"fnMap":{},"branchMap":{},"s":{},"f":{},"b":{},"meta":{"lastBranch":0,"lastFunction":0,"lastStatement":0,"seen":{},"fnNames":{}}}
,"/Users/tam/Code/tamtamchik/apple-iap-tools/src/deprecated/notifications/v1/types/receipt.ts": {"path":"/Users/tam/Code/tamtamchik/apple-iap-tools/src/deprecated/notifications/v1/types/receipt.ts","statementMap":{},"fnMap":{},"branchMap":{},"s":{},"f":{},"b":{},"meta":{"lastBranch":0,"lastFunction":0,"lastStatement":0,"seen":{},"fnNames":{}}}
,"/Users/tam/Code/tamtamchik/apple-iap-tools/src/deprecated/notifications/v1/types/responseBodyV1.ts": {"path":"/Users/tam/Code/tamtamchik/apple-iap-tools/src/deprecated/notifications/v1/types/responseBodyV1.ts","statementMap":{},"fnMap":{},"branchMap":{},"s":{},"f":{},"b":{},"meta":{"lastBranch":0,"lastFunction":0,"lastStatement":0,"seen":{},"fnNames":{}}}
,"/Users/tam/Code/tamtamchik/apple-iap-tools/src/deprecated/notifications/v1/types/stringTypes.ts": {"path":"/Users/tam/Code/tamtamchik/apple-iap-tools/src/deprecated/notifications/v1/types/stringTypes.ts","statementMap":{"0":{"start":{"line":10,"column":7},"end":{"line":35,"column":null}},"1":{"start":{"line":14,"column":2},"end":{"line":14,"column":null}},"2":{"start":{"line":19,"column":2},"end":{"line":19,"column":null}},"3":{"start":{"line":24,"column":2},"end":{"line":24,"column":null}},"4":{"start":{"line":29,"column":2},"end":{"line":29,"column":null}},"5":{"start":{"line":34,"column":2},"end":{"line":34,"column":null}}},"fnMap":{"0":{"name":"(anonymous_0)","decl":{"start":{"line":10,"column":7},"end":{"line":10,"column":12}},"loc":{"start":{"line":10,"column":7},"end":{"line":35,"column":null}},"line":10}},"branchMap":{},"s":{"0":1,"1":1,"2":1,"3":1,"4":1,"5":1},"f":{"0":1},"b":{},"meta":{"lastBranch":0,"lastFunction":1,"lastStatement":6,"seen":{"s:10:7:35:Infinity":0,"f:10:7:10:12":0,"s:14:2:14:Infinity":1,"s:19:2:19:Infinity":2,"s:24:2:24:Infinity":3,"s:29:2:29:Infinity":4,"s:34:2:34:Infinity":5},"fnNames":{}}}
,"/Users/tam/Code/tamtamchik/apple-iap-tools/src/deprecated/notifications/v1/types/unifiedReceipt.ts": {"path":"/Users/tam/Code/tamtamchik/apple-iap-tools/src/deprecated/notifications/v1/types/unifiedReceipt.ts","statementMap":{},"fnMap":{},"branchMap":{},"s":{},"f":{},"b":{},"meta":{"lastBranch":0,"lastFunction":0,"lastStatement":0,"seen":{},"fnNames":{}}}
,"/Users/tam/Code/tamtamchik/apple-iap-tools/src/deprecated/verify/index.ts": {"path":"/Users/tam/Code/tamtamchik/apple-iap-tools/src/deprecated/verify/index.ts","statementMap":{},"fnMap":{},"branchMap":{},"s":{},"f":{},"b":{},"meta":{"lastBranch":0,"lastFunction":0,"lastStatement":0,"seen":{},"fnNames":{}}}
,"/Users/tam/Code/tamtamchik/apple-iap-tools/src/deprecated/verify/requestbody.ts": {"path":"/Users/tam/Code/tamtamchik/apple-iap-tools/src/deprecated/verify/requestbody.ts","statementMap":{},"fnMap":{},"branchMap":{},"s":{},"f":{},"b":{},"meta":{"lastBranch":0,"lastFunction":0,"lastStatement":0,"seen":{},"fnNames":{}}}
,"/Users/tam/Code/tamtamchik/apple-iap-tools/src/deprecated/verify/responsebody.ts": {"path":"/Users/tam/Code/tamtamchik/apple-iap-tools/src/deprecated/verify/responsebody.ts","statementMap":{"0":{"start":{"line":13,"column":7},"end":{"line":25,"column":null}},"1":{"start":{"line":17,"column":2},"end":{"line":17,"column":null}},"2":{"start":{"line":24,"column":2},"end":{"line":24,"column":null}},"3":{"start":{"line":34,"column":7},"end":{"line":84,"column":null}},"4":{"start":{"line":38,"column":2},"end":{"line":38,"column":null}},"5":{"start":{"line":43,"column":2},"end":{"line":43,"column":null}},"6":{"start":{"line":48,"column":2},"end":{"line":48,"column":null}},"7":{"start":{"line":53,"column":2},"end":{"line":53,"column":null}},"8":{"start":{"line":58,"column":2},"end":{"line":58,"column":null}},"9":{"start":{"line":63,"column":2},"end":{"line":63,"column":null}},"10":{"start":{"line":68,"column":2},"end":{"line":68,"column":null}},"11":{"start":{"line":73,"column":2},"end":{"line":73,"column":null}},"12":{"start":{"line":78,"column":2},"end":{"line":78,"column":null}},"13":{"start":{"line":83,"column":2},"end":{"line":83,"column":null}}},"fnMap":{"0":{"name":"(anonymous_0)","decl":{"start":{"line":13,"column":7},"end":{"line":13,"column":12}},"loc":{"start":{"line":13,"column":7},"end":{"line":25,"column":null}},"line":13},"1":{"name":"(anonymous_1)","decl":{"start":{"line":34,"column":7},"end":{"line":34,"column":12}},"loc":{"start":{"line":34,"column":7},"end":{"line":84,"column":null}},"line":34}},"branchMap":{},"s":{"0":3,"1":3,"2":3,"3":3,"4":3,"5":3,"6":3,"7":3,"8":3,"9":3,"10":3,"11":3,"12":3,"13":3},"f":{"0":3,"1":3},"b":{},"meta":{"lastBranch":0,"lastFunction":2,"lastStatement":14,"seen":{"s:13:7:25:Infinity":0,"f:13:7:13:12":0,"s:17:2:17:Infinity":1,"s:24:2:24:Infinity":2,"s:34:7:84:Infinity":3,"f:34:7:34:12":1,"s:38:2:38:Infinity":4,"s:43:2:43:Infinity":5,"s:48:2:48:Infinity":6,"s:53:2:53:Infinity":7,"s:58:2:58:Infinity":8,"s:63:2:63:Infinity":9,"s:68:2:68:Infinity":10,"s:73:2:73:Infinity":11,"s:78:2:78:Infinity":12,"s:83:2:83:Infinity":13},"fnNames":{}}}
,"/Users/tam/Code/tamtamchik/apple-iap-tools/src/deprecated/verify/verifyReceipt.ts": {"path":"/Users/tam/Code/tamtamchik/apple-iap-tools/src/deprecated/verify/verifyReceipt.ts","statementMap":{"0":{"start":{"line":4,"column":23},"end":{"line":4,"column":null}},"1":{"start":{"line":5,"column":20},"end":{"line":5,"column":null}},"2":{"start":{"line":13,"column":19},"end":{"line":17,"column":null}},"3":{"start":{"line":19,"column":2},"end":{"line":21,"column":null}},"4":{"start":{"line":20,"column":4},"end":{"line":20,"column":null}},"5":{"start":{"line":23,"column":2},"end":{"line":23,"column":null}},"6":{"start":{"line":37,"column":15},"end":{"line":37,"column":null}},"7":{"start":{"line":38,"column":2},"end":{"line":40,"column":null}},"8":{"start":{"line":39,"column":4},"end":{"line":39,"column":null}},"9":{"start":{"line":41,"column":2},"end":{"line":41,"column":null}},"10":{"start":{"line":53,"column":4},"end":{"line":53,"column":null}},"11":{"start":{"line":55,"column":4},"end":{"line":55,"column":null}},"12":{"start":{"line":56,"column":4},"end":{"line":56,"column":null}}},"fnMap":{"0":{"name":"request","decl":{"start":{"line":12,"column":15},"end":{"line":12,"column":24}},"loc":{"start":{"line":12,"column":116},"end":{"line":24,"column":null}},"line":12},"1":{"name":"verifyReceipt","decl":{"start":{"line":36,"column":22},"end":{"line":36,"column":37}},"loc":{"start":{"line":36,"column":108},"end":{"line":42,"column":null}},"line":36},"2":{"name":"constructor","decl":{"start":{"line":52,"column":2},"end":{"line":52,"column":15}},"loc":{"start":{"line":52,"column":52},"end":{"line":57,"column":null}},"line":52}},"branchMap":{"0":{"loc":{"start":{"line":19,"column":2},"end":{"line":21,"column":null}},"type":"if","locations":[{"start":{"line":19,"column":2},"end":{"line":21,"column":null}},{"start":{},"end":{}}],"line":19},"1":{"loc":{"start":{"line":38,"column":2},"end":{"line":40,"column":null}},"type":"if","locations":[{"start":{"line":38,"column":2},"end":{"line":40,"column":null}},{"start":{},"end":{}}],"line":38}},"s":{"0":3,"1":3,"2":4,"3":4,"4":1,"5":3,"6":3,"7":2,"8":1,"9":2,"10":1,"11":1,"12":1},"f":{"0":4,"1":3,"2":1},"b":{"0":[1,3],"1":[1,1]},"meta":{"lastBranch":2,"lastFunction":3,"lastStatement":13,"seen":{"s:4:23:4:Infinity":0,"s:5:20:5:Infinity":1,"f:12:15:12:24":0,"s:13:19:17:Infinity":2,"b:19:2:21:Infinity:undefined:undefined:undefined:undefined":0,"s:19:2:21:Infinity":3,"s:20:4:20:Infinity":4,"s:23:2:23:Infinity":5,"f:36:22:36:37":1,"s:37:15:37:Infinity":6,"b:38:2:40:Infinity:undefined:undefined:undefined:undefined":1,"s:38:2:40:Infinity":7,"s:39:4:39:Infinity":8,"s:41:2:41:Infinity":9,"f:52:2:52:15":2,"s:53:4:53:Infinity":10,"s:55:4:55:Infinity":11,"s:56:4:56:Infinity":12},"fnNames":{}}}
,"/Users/tam/Code/tamtamchik/apple-iap-tools/src/jws/applerootca.ts": {"path":"/Users/tam/Code/tamtamchik/apple-iap-tools/src/jws/applerootca.ts","statementMap":{"0":{"start":{"line":5,"column":29},"end":{"line":5,"column":null}}},"fnMap":{},"branchMap":{},"s":{"0":3},"f":{},"b":{},"meta":{"lastBranch":0,"lastFunction":0,"lastStatement":1,"seen":{"s:5:29:5:Infinity":0},"fnNames":{}}}
,"/Users/tam/Code/tamtamchik/apple-iap-tools/src/jws/errors.ts": {"path":"/Users/tam/Code/tamtamchik/apple-iap-tools/src/jws/errors.ts","statementMap":{"0":{"start":{"line":5,"column":4},"end":{"line":5,"column":null}},"1":{"start":{"line":6,"column":4},"end":{"line":6,"column":null}}},"fnMap":{"0":{"name":"constructor","decl":{"start":{"line":4,"column":2},"end":{"line":4,"column":15}},"loc":{"start":{"line":4,"column":50},"end":{"line":7,"column":null}},"line":4}},"branchMap":{"0":{"loc":{"start":{"line":5,"column":10},"end":{"line":5,"column":54}},"type":"binary-expr","locations":[{"start":{"line":5,"column":10},"end":{"line":5,"column":21}},{"start":{"line":5,"column":21},"end":{"line":5,"column":54}}],"line":5}},"s":{"0":6,"1":6},"f":{"0":6},"b":{"0":[6,4]},"meta":{"lastBranch":1,"lastFunction":1,"lastStatement":2,"seen":{"f:4:2:4:15":0,"s:5:4:5:Infinity":0,"b:5:10:5:21:5:21:5:54":0,"s:6:4:6:Infinity":1},"fnNames":{}}}
,"/Users/tam/Code/tamtamchik/apple-iap-tools/src/jws/index.ts": {"path":"/Users/tam/Code/tamtamchik/apple-iap-tools/src/jws/index.ts","statementMap":{},"fnMap":{},"branchMap":{},"s":{},"f":{},"b":{},"meta":{"lastBranch":0,"lastFunction":0,"lastStatement":0,"seen":{},"fnNames":{}}}
,"/Users/tam/Code/tamtamchik/apple-iap-tools/src/jws/jwsRenewalInfoDecodedPayload.ts": {"path":"/Users/tam/Code/tamtamchik/apple-iap-tools/src/jws/jwsRenewalInfoDecodedPayload.ts","statementMap":{},"fnMap":{},"branchMap":{},"s":{},"f":{},"b":{},"meta":{"lastBranch":0,"lastFunction":0,"lastStatement":0,"seen":{},"fnNames":{}}}
,"/Users/tam/Code/tamtamchik/apple-iap-tools/src/jws/jwsTransactionDecodedPayload.ts": {"path":"/Users/tam/Code/tamtamchik/apple-iap-tools/src/jws/jwsTransactionDecodedPayload.ts","statementMap":{},"fnMap":{},"branchMap":{},"s":{},"f":{},"b":{},"meta":{"lastBranch":0,"lastFunction":0,"lastStatement":0,"seen":{},"fnNames":{}}}
,"/Users/tam/Code/tamtamchik/apple-iap-tools/src/jws/verifySignedPayload.ts": {"path":"/Users/tam/Code/tamtamchik/apple-iap-tools/src/jws/verifySignedPayload.ts","statementMap":{"0":{"start":{"line":13,"column":2},"end":{"line":15,"column":null}},"1":{"start":{"line":14,"column":4},"end":{"line":14,"column":null}},"2":{"start":{"line":17,"column":14},"end":{"line":17,"column":null}},"3":{"start":{"line":18,"column":20},"end":{"line":18,"column":null}},"4":{"start":{"line":18,"column":35},"end":{"line":18,"column":57}},"5":{"start":{"line":19,"column":2},"end":{"line":21,"column":null}},"6":{"start":{"line":19,"column":31},"end":{"line":19,"column":93}},"7":{"start":{"line":20,"column":4},"end":{"line":20,"column":null}},"8":{"start":{"line":23,"column":2},"end":{"line":33,"column":null}},"9":{"start":{"line":23,"column":15},"end":{"line":23,"column":18}},"10":{"start":{"line":24,"column":20},"end":{"line":24,"column":null}},"11":{"start":{"line":25,"column":17},"end":{"line":25,"column":null}},"12":{"start":{"line":27,"column":30},"end":{"line":27,"column":null}},"13":{"start":{"line":28,"column":23},"end":{"line":28,"column":null}},"14":{"start":{"line":30,"column":4},"end":{"line":32,"column":null}},"15":{"start":{"line":31,"column":6},"end":{"line":31,"column":null}},"16":{"start":{"line":36,"column":19},"end":{"line":36,"column":null}},"17":{"start":{"line":37,"column":2},"end":{"line":39,"column":null}},"18":{"start":{"line":38,"column":4},"end":{"line":38,"column":null}},"19":{"start":{"line":51,"column":22},"end":{"line":57,"column":null}},"20":{"start":{"line":52,"column":18},"end":{"line":52,"column":null}},"21":{"start":{"line":52,"column":48},"end":{"line":52,"column":110}},"22":{"start":{"line":54,"column":4},"end":{"line":54,"column":null}},"23":{"start":{"line":56,"column":4},"end":{"line":56,"column":null}},"24":{"start":{"line":59,"column":25},"end":{"line":59,"column":null}},"25":{"start":{"line":61,"column":2},"end":{"line":61,"column":null}}},"fnMap":{"0":{"name":"verifyCertificates","decl":{"start":{"line":12,"column":9},"end":{"line":12,"column":29}},"loc":{"start":{"line":12,"column":62},"end":{"line":40,"column":null}},"line":12},"1":{"name":"(anonymous_1)","decl":{"start":{"line":18,"column":26},"end":{"line":18,"column":30}},"loc":{"start":{"line":18,"column":35},"end":{"line":18,"column":57}},"line":18},"2":{"name":"(anonymous_2)","decl":{"start":{"line":19,"column":17},"end":{"line":19,"column":23}},"loc":{"start":{"line":19,"column":31},"end":{"line":19,"column":93}},"line":19},"3":{"name":"verifySignedPayload","decl":{"start":{"line":50,"column":22},"end":{"line":50,"column":46}},"loc":{"start":{"line":50,"column":113},"end":{"line":62,"column":null}},"line":50},"4":{"name":"(anonymous_4)","decl":{"start":{"line":51,"column":47},"end":{"line":51,"column":63}},"loc":{"start":{"line":51,"column":83},"end":{"line":57,"column":3}},"line":51},"5":{"name":"(anonymous_5)","decl":{"start":{"line":52,"column":39},"end":{"line":52,"column":43}},"loc":{"start":{"line":52,"column":48},"end":{"line":52,"column":110}},"line":52}},"branchMap":{"0":{"loc":{"start":{"line":13,"column":2},"end":{"line":15,"column":null}},"type":"if","locations":[{"start":{"line":13,"column":2},"end":{"line":15,"column":null}},{"start":{},"end":{}}],"line":13},"1":{"loc":{"start":{"line":19,"column":2},"end":{"line":21,"column":null}},"type":"if","locations":[{"start":{"line":19,"column":2},"end":{"line":21,"column":null}},{"start":{},"end":{}}],"line":19},"2":{"loc":{"start":{"line":19,"column":31},"end":{"line":19,"column":93}},"type":"binary-expr","locations":[{"start":{"line":19,"column":31},"end":{"line":19,"column":65}},{"start":{"line":19,"column":65},"end":{"line":19,"column":93}}],"line":19},"3":{"loc":{"start":{"line":30,"column":4},"end":{"line":32,"column":null}},"type":"if","locations":[{"start":{"line":30,"column":4},"end":{"line":32,"column":null}},{"start":{},"end":{}}],"line":30},"4":{"loc":{"start":{"line":30,"column":8},"end":{"line":30,"column":43}},"type":"binary-expr","locations":[{"start":{"line":30,"column":8},"end":{"line":30,"column":30}},{"start":{"line":30,"column":30},"end":{"line":30,"column":43}}],"line":30},"5":{"loc":{"start":{"line":37,"column":2},"end":{"line":39,"column":null}},"type":"if","locations":[{"start":{"line":37,"column":2},"end":{"line":39,"column":null}},{"start":{},"end":{}}],"line":37},"6":{"loc":{"start":{"line":50,"column":69},"end":{"line":50,"column":113}},"type":"default-arg","locations":[{"start":{"line":50,"column":86},"end":{"line":50,"column":113}}],"line":50},"7":{"loc":{"start":{"line":52,"column":18},"end":{"line":52,"column":null}},"type":"binary-expr","locations":[{"start":{"line":52,"column":18},"end":{"line":52,"column":115}},{"start":{"line":52,"column":115},"end":{"line":52,"column":null}}],"line":52}},"s":{"0":18,"1":1,"2":17,"3":17,"4":34,"5":17,"6":33,"7":1,"8":16,"9":16,"10":16,"11":16,"12":16,"13":16,"14":16,"15":1,"16":15,"17":15,"18":3,"19":18,"20":18,"21":34,"22":18,"23":18,"24":11,"25":11},"f":{"0":18,"1":34,"2":33,"3":18,"4":18,"5":34},"b":{"0":[1,17],"1":[1,16],"2":[33,33],"3":[1,15],"4":[16,16],"5":[3,12],"6":[18],"7":[18,1]},"meta":{"lastBranch":8,"lastFunction":6,"lastStatement":26,"seen":{"f:12:9:12:29":0,"b:13:2:15:Infinity:undefined:undefined:undefined:undefined":0,"s:13:2:15:Infinity":0,"s:14:4:14:Infinity":1,"s:17:14:17:Infinity":2,"s:18:20:18:Infinity":3,"f:18:26:18:30":1,"s:18:35:18:57":4,"b:19:2:21:Infinity:undefined:undefined:undefined:undefined":1,"s:19:2:21:Infinity":5,"f:19:17:19:23":2,"s:19:31:19:93":6,"b:19:31:19:65:19:65:19:93":2,"s:20:4:20:Infinity":7,"s:23:2:33:Infinity":8,"s:23:15:23:18":9,"s:24:20:24:Infinity":10,"s:25:17:25:Infinity":11,"s:27:30:27:Infinity":12,"s:28:23:28:Infinity":13,"b:30:4:32:Infinity:undefined:undefined:undefined:undefined":3,"s:30:4:32:Infinity":14,"b:30:8:30:30:30:30:30:43":4,"s:31:6:31:Infinity":15,"s:36:19:36:Infinity":16,"b:37:2:39:Infinity:undefined:undefined:undefined:undefined":5,"s:37:2:39:Infinity":17,"s:38:4:38:Infinity":18,"f:50:22:50:46":3,"b:50:86:50:113":6,"s:51:22:57:Infinity":19,"f:51:47:51:63":4,"s:52:18:52:Infinity":20,"b:52:18:52:115:52:115:52:Infinity":7,"f:52:39:52:43":5,"s:52:48:52:110":21,"s:54:4:54:Infinity":22,"s:56:4:56:Infinity":23,"s:59:25:59:Infinity":24,"s:61:2:61:Infinity":25},"fnNames":{}}}
}
